<?xml version="1.0" encoding="UTF-8"?>
<testng-results skipped="0" failed="0" ignored="0" total="3" passed="3">
  <reporter-output>
  </reporter-output>
  <suite name="Default suite" duration-ms="8751" started-at="2018-09-03T08:20:15Z" finished-at="2018-09-03T08:20:24Z">
    <groups>
    </groups>
    <test name="Default test" duration-ms="8751" started-at="2018-09-03T08:20:15Z" finished-at="2018-09-03T08:20:24Z">
      <class name="POC.POC.NewTest">
        <test-method status="PASS" signature="beforeMethod()[pri:0, instance:POC.POC.NewTest@27efef64]" name="beforeMethod" is-config="true" duration-ms="2193" started-at="2018-09-03T08:20:16Z" finished-at="2018-09-03T08:20:18Z">
          <reporter-output>
          </reporter-output>
        </test-method> <!-- beforeMethod -->
        <test-method status="PASS" signature="f()[pri:0, instance:POC.POC.NewTest@27efef64]" name="f" duration-ms="1059" started-at="2018-09-03T08:20:18Z" finished-at="2018-09-03T08:20:19Z">
          <reporter-output>
          </reporter-output>
        </test-method> <!-- f -->
        <test-method status="PASS" signature="afterMethod()[pri:0, instance:POC.POC.NewTest@27efef64]" name="afterMethod" is-config="true" duration-ms="770" started-at="2018-09-03T08:20:19Z" finished-at="2018-09-03T08:20:20Z">
          <reporter-output>
          </reporter-output>
        </test-method> <!-- afterMethod -->
        <test-method status="PASS" signature="beforeMethod()[pri:0, instance:POC.POC.NewTest@27efef64]" name="beforeMethod" is-config="true" duration-ms="1262" started-at="2018-09-03T08:20:20Z" finished-at="2018-09-03T08:20:21Z">
          <reporter-output>
          </reporter-output>
        </test-method> <!-- beforeMethod -->
        <test-method status="PASS" signature="f1()[pri:0, instance:POC.POC.NewTest@27efef64]" name="f1" duration-ms="487" started-at="2018-09-03T08:20:21Z" finished-at="2018-09-03T08:20:21Z">
          <reporter-output>
          </reporter-output>
        </test-method> <!-- f1 -->
        <test-method status="PASS" signature="afterMethod()[pri:0, instance:POC.POC.NewTest@27efef64]" name="afterMethod" is-config="true" duration-ms="618" started-at="2018-09-03T08:20:21Z" finished-at="2018-09-03T08:20:22Z">
          <reporter-output>
          </reporter-output>
        </test-method> <!-- afterMethod -->
        <test-method status="PASS" signature="beforeMethod()[pri:0, instance:POC.POC.NewTest@27efef64]" name="beforeMethod" is-config="true" duration-ms="1179" started-at="2018-09-03T08:20:22Z" finished-at="2018-09-03T08:20:23Z">
          <reporter-output>
          </reporter-output>
        </test-method> <!-- beforeMethod -->
        <test-method status="PASS" signature="f2()[pri:0, instance:POC.POC.NewTest@27efef64]" name="f2" duration-ms="419" started-at="2018-09-03T08:20:23Z" finished-at="2018-09-03T08:20:24Z">
          <reporter-output>
          </reporter-output>
        </test-method> <!-- f2 -->
        <test-method status="PASS" signature="afterMethod()[pri:0, instance:POC.POC.NewTest@27efef64]" name="afterMethod" is-config="true" duration-ms="659" started-at="2018-09-03T08:20:24Z" finished-at="2018-09-03T08:20:24Z">
          <reporter-output>
          </reporter-output>
        </test-method> <!-- afterMethod -->
      </class> <!-- POC.POC.NewTest -->
    </test> <!-- Default test -->
  </suite> <!-- Default suite -->
</testng-results>
