<?xml version="1.0" encoding="UTF-8"?>
<testng-results skipped="0" failed="0" ignored="0" total="1" passed="1">
  <reporter-output>
  </reporter-output>
  <suite name="Default suite" duration-ms="4802" started-at="2018-08-31T15:18:42Z" finished-at="2018-08-31T15:18:47Z">
    <groups>
    </groups>
    <test name="Default test" duration-ms="4802" started-at="2018-08-31T15:18:42Z" finished-at="2018-08-31T15:18:47Z">
      <class name="POC.POC.NewTest">
        <test-method status="PASS" signature="beforeMethod()[pri:0, instance:POC.POC.NewTest@27efef64]" name="beforeMethod" is-config="true" duration-ms="2780" started-at="2018-08-31T15:18:42Z" finished-at="2018-08-31T15:18:45Z">
          <reporter-output>
          </reporter-output>
        </test-method> <!-- beforeMethod -->
        <test-method status="PASS" signature="f()[pri:0, instance:POC.POC.NewTest@27efef64]" name="f" duration-ms="1227" started-at="2018-08-31T15:18:45Z" finished-at="2018-08-31T15:18:46Z">
          <reporter-output>
          </reporter-output>
        </test-method> <!-- f -->
        <test-method status="PASS" signature="afterMethod()[pri:0, instance:POC.POC.NewTest@27efef64]" name="afterMethod" is-config="true" duration-ms="746" started-at="2018-08-31T15:18:46Z" finished-at="2018-08-31T15:18:47Z">
          <reporter-output>
          </reporter-output>
        </test-method> <!-- afterMethod -->
      </class> <!-- POC.POC.NewTest -->
    </test> <!-- Default test -->
  </suite> <!-- Default suite -->
</testng-results>
